<?xml version="1.0" encoding="UTF-8"?>
<testsuites>
  <testsuite name="fastlane.lanes">
    
    
    
      
      <testcase classname="fastlane.lanes" name="0: default_platform" time="0.000229">
        
      </testcase>
    
      
      <testcase classname="fastlane.lanes" name="1: app:verifyPaparazziDebug" time="21.359905">
        
          <failure message="/Users/anntphyothwin/.rvm/gems/ruby-3.1.2/gems/fastlane-2.220.0/fastlane/lib/fastlane/actions/actions_helper.rb:67:in `execute_action&apos;&#10;/Users/anntphyothwin/.rvm/gems/ruby-3.1.2/gems/fastlane-2.220.0/fastlane/lib/fastlane/runner.rb:255:in `block in execute_action&apos;&#10;/Users/anntphyothwin/.rvm/gems/ruby-3.1.2/gems/fastlane-2.220.0/fastlane/lib/fastlane/runner.rb:229:in `chdir&apos;&#10;/Users/anntphyothwin/.rvm/gems/ruby-3.1.2/gems/fastlane-2.220.0/fastlane/lib/fastlane/runner.rb:229:in `execute_action&apos;&#10;/Users/anntphyothwin/.rvm/gems/ruby-3.1.2/gems/fastlane-2.220.0/fastlane/lib/fastlane/runner.rb:157:in `trigger_action_by_name&apos;&#10;/Users/anntphyothwin/.rvm/gems/ruby-3.1.2/gems/fastlane-2.220.0/fastlane/lib/fastlane/fast_file.rb:159:in `method_missing&apos;&#10;Fastfile:28:in `block (2 levels) in parsing_binding&apos;&#10;/Users/anntphyothwin/.rvm/gems/ruby-3.1.2/gems/fastlane-2.220.0/fastlane/lib/fastlane/lane.rb:41:in `call&apos;&#10;/Users/anntphyothwin/.rvm/gems/ruby-3.1.2/gems/fastlane-2.220.0/fastlane/lib/fastlane/runner.rb:49:in `block in execute&apos;&#10;/Users/anntphyothwin/.rvm/gems/ruby-3.1.2/gems/fastlane-2.220.0/fastlane/lib/fastlane/runner.rb:45:in `chdir&apos;&#10;/Users/anntphyothwin/.rvm/gems/ruby-3.1.2/gems/fastlane-2.220.0/fastlane/lib/fastlane/runner.rb:45:in `execute&apos;&#10;/Users/anntphyothwin/.rvm/gems/ruby-3.1.2/gems/fastlane-2.220.0/fastlane/lib/fastlane/lane_manager.rb:46:in `cruise_lane&apos;&#10;/Users/anntphyothwin/.rvm/gems/ruby-3.1.2/gems/fastlane-2.220.0/fastlane/lib/fastlane/command_line_handler.rb:34:in `handle&apos;&#10;/Users/anntphyothwin/.rvm/gems/ruby-3.1.2/gems/fastlane-2.220.0/fastlane/lib/fastlane/commands_generator.rb:110:in `block (2 levels) in run&apos;&#10;/Users/anntphyothwin/.rvm/gems/ruby-3.1.2/gems/commander-4.6.0/lib/commander/command.rb:187:in `call&apos;&#10;/Users/anntphyothwin/.rvm/gems/ruby-3.1.2/gems/commander-4.6.0/lib/commander/command.rb:157:in `run&apos;&#10;/Users/anntphyothwin/.rvm/gems/ruby-3.1.2/gems/commander-4.6.0/lib/commander/runner.rb:444:in `run_active_command&apos;&#10;/Users/anntphyothwin/.rvm/gems/ruby-3.1.2/gems/fastlane-2.220.0/fastlane_core/lib/fastlane_core/ui/fastlane_runner.rb:124:in `run!&apos;&#10;/Users/anntphyothwin/.rvm/gems/ruby-3.1.2/gems/commander-4.6.0/lib/commander/delegates.rb:18:in `run!&apos;&#10;/Users/anntphyothwin/.rvm/gems/ruby-3.1.2/gems/fastlane-2.220.0/fastlane/lib/fastlane/commands_generator.rb:363:in `run&apos;&#10;/Users/anntphyothwin/.rvm/gems/ruby-3.1.2/gems/fastlane-2.220.0/fastlane/lib/fastlane/commands_generator.rb:43:in `start&apos;&#10;/Users/anntphyothwin/.rvm/gems/ruby-3.1.2/gems/fastlane-2.220.0/fastlane/lib/fastlane/cli_tools_distributor.rb:123:in `take_off&apos;&#10;/Users/anntphyothwin/.rvm/gems/ruby-3.1.2/gems/fastlane-2.220.0/bin/fastlane:23:in `&lt;top (required)&gt;&apos;&#10;/Users/anntphyothwin/.rvm/gems/ruby-3.1.2/bin/fastlane:25:in `load&apos;&#10;/Users/anntphyothwin/.rvm/gems/ruby-3.1.2/bin/fastlane:25:in `&lt;main&gt;&apos;&#10;/Users/anntphyothwin/.rvm/gems/ruby-3.1.2/bin/ruby_executable_hooks:22:in `eval&apos;&#10;/Users/anntphyothwin/.rvm/gems/ruby-3.1.2/bin/ruby_executable_hooks:22:in `&lt;main&gt;&apos;&#10;&#10;Exit status of command &apos;/Users/anntphyothwin/AndroidStudioProjects/NFQSnapshotTest/gradlew app:verifyPaparazziDebug -p .&apos; was 1 instead of 0.&#10;&#10;&gt; Configure project :app&#10;w: ATTENTION: &apos;kotlin.experimental.tryK2&apos; is an experimental option enabled in the project for trying out the new Kotlin K2 compiler only.&#10;Please refrain from using it in production code and provide feedback to the Kotlin team for any issues encountered via https://kotl.in/issue&#10;&#10;&#10;&gt; Task :app:preBuild UP-TO-DATE&#10;&gt; Task :app:preDebugBuild UP-TO-DATE&#10;&gt; Task :app:checkKotlinGradlePluginConfigurationErrors&#10;&gt; Task :app:generateDebugBuildConfig UP-TO-DATE&#10;&gt; Task :data:preBuild UP-TO-DATE&#10;&gt; Task :data:preDebugBuild UP-TO-DATE&#10;&gt; Task :data:writeDebugAarMetadata UP-TO-DATE&#10;&gt; Task :app:checkDebugAarMetadata UP-TO-DATE&#10;&gt; Task :app:generateDebugResValues UP-TO-DATE&#10;&gt; Task :app:injectCrashlyticsMappingFileIdDebug UP-TO-DATE&#10;&gt; Task :app:processDebugGoogleServices UP-TO-DATE&#10;&gt; Task :data:generateDebugResValues UP-TO-DATE&#10;&gt; Task :data:generateDebugResources UP-TO-DATE&#10;&gt; Task :data:packageDebugResources UP-TO-DATE&#10;&gt; Task :app:mapDebugSourceSetPaths UP-TO-DATE&#10;&gt; Task :app:generateDebugResources UP-TO-DATE&#10;&gt; Task :app:mergeDebugResources UP-TO-DATE&#10;&gt; Task :app:packageDebugResources UP-TO-DATE&#10;&gt; Task :app:parseDebugLocalResources UP-TO-DATE&#10;&gt; Task :app:createDebugCompatibleScreenManifests UP-TO-DATE&#10;&gt; Task :app:extractDeepLinksDebug UP-TO-DATE&#10;&gt; Task :data:extractDeepLinksDebug UP-TO-DATE&#10;&gt; Task :data:processDebugManifest UP-TO-DATE&#10;&gt; Task :app:processDebugMainManifest UP-TO-DATE&#10;&gt; Task :app:processDebugManifest UP-TO-DATE&#10;&gt; Task :app:processDebugManifestForPackage UP-TO-DATE&#10;&gt; Task :data:compileDebugLibraryResources UP-TO-DATE&#10;&gt; Task :data:parseDebugLocalResources UP-TO-DATE&#10;&gt; Task :data:generateDebugRFile UP-TO-DATE&#10;&gt; Task :app:processDebugResources UP-TO-DATE&#10;&gt; Task :data:checkKotlinGradlePluginConfigurationErrors&#10;&gt; Task :data:generateDebugSummitDatabaseInterface UP-TO-DATE&#10;&gt; Task :data:kspDebugKotlin UP-TO-DATE&#10;&gt; Task :data:compileDebugKotlin UP-TO-DATE&#10;&gt; Task :data:javaPreCompileDebug UP-TO-DATE&#10;&gt; Task :data:compileDebugJavaWithJavac UP-TO-DATE&#10;&gt; Task :data:bundleLibCompileToJarDebug UP-TO-DATE&#10;&gt; Task :app:kspDebugKotlin UP-TO-DATE&#10;&gt; Task :app:compileDebugKotlin UP-TO-DATE&#10;&gt; Task :app:javaPreCompileDebug UP-TO-DATE&#10;&gt; Task :app:compileDebugJavaWithJavac UP-TO-DATE&#10;&gt; Task :data:bundleLibRuntimeToJarDebug UP-TO-DATE&#10;&gt; Task :data:processDebugJavaRes UP-TO-DATE&#10;&gt; Task :data:createFullJarDebug UP-TO-DATE&#10;&gt; Task :app:mergeDebugShaders UP-TO-DATE&#10;&gt; Task :app:compileDebugShaders NO-SOURCE&#10;&gt; Task :app:generateDebugAssets UP-TO-DATE&#10;&gt; Task :data:mergeDebugShaders UP-TO-DATE&#10;&gt; Task :data:compileDebugShaders NO-SOURCE&#10;&gt; Task :data:generateDebugAssets UP-TO-DATE&#10;&gt; Task :data:packageDebugAssets UP-TO-DATE&#10;&gt; Task :app:mergeDebugAssets UP-TO-DATE&#10;&gt; Task :app:hiltAggregateDepsDebug UP-TO-DATE&#10;&gt; Task :app:hiltJavaCompileDebug UP-TO-DATE&#10;&gt; Task :app:transformDebugClassesWithAsm UP-TO-DATE&#10;&gt; Task :app:bundleDebugClassesToRuntimeJar UP-TO-DATE&#10;&gt; Task :app:preDebugUnitTestBuild UP-TO-DATE&#10;&gt; Task :app:packageDebugUnitTestForUnitTest UP-TO-DATE&#10;&gt; Task :app:generateDebugUnitTestConfig UP-TO-DATE&#10;&gt; Task :app:processDebugJavaRes UP-TO-DATE&#10;&gt; Task :app:bundleDebugClassesToCompileJar UP-TO-DATE&#10;&gt; Task :app:kspDebugUnitTestKotlin UP-TO-DATE&#10;&gt; Task :app:preparePaparazziDebugResources UP-TO-DATE&#10;&gt; Task :app:compileDebugUnitTestKotlin UP-TO-DATE&#10;&gt; Task :app:javaPreCompileDebugUnitTest UP-TO-DATE&#10;&gt; Task :app:compileDebugUnitTestJavaWithJavac NO-SOURCE&#10;&gt; Task :app:hiltAggregateDepsDebugUnitTest UP-TO-DATE&#10;&gt; Task :app:hiltJavaCompileDebugUnitTest NO-SOURCE&#10;&gt; Task :app:processDebugUnitTestJavaRes UP-TO-DATE&#10;&gt; Task :app:transformDebugUnitTestClassesWithAsm UP-TO-DATE&#10;&#10;&gt; Task :app:testDebugUnitTest&#10;&#10;com.nfq.nfqsummit.screens.dashboard.tabs.home.HomeTabSnapshotTest &gt; testHomeTabUIDark FAILED&#10;    java.lang.AssertionError at HomeTabSnapshotTest.kt:25&#10;&#10;OpenJDK 64-Bit Server VM warning: Sharing is only supported for boot loader classes because bootstrap classpath has been appended&#10;OpenJDK 64-Bit Server VM warning: Sharing is only supported for boot loader classes because bootstrap classpath has been appended&#10;&#10;&gt; Task :app:testDebugUnitTest&#10;&#10;14 tests completed, 1 failed&#10;&#10;&gt; Task :app:testDebugUnitTest FAILED&#10;##### &apos;kotlin.experimental.tryK2&apos; results #####&#10;No Kotlin compilation tasks have been run&#10;#####&#10;&#10;FAILURE: Build failed with an exception.&#10;&#10;* What went wrong:&#10;Execution failed for task &apos;:app:testDebugUnitTest&apos;.&#10;&gt; There were failing tests. See the report at: file:///Users/anntphyothwin/AndroidStudioProjects/NFQSnapshotTest/app/build/reports/tests/testDebugUnitTest/index.html&#10;&#10;* Try:&#10;&gt; Run with --scan to get full insights.&#10;&#10;BUILD FAILED in 20s&#10;60 actionable tasks: 3 executed, 57 up-to-date&#10;" />
        
      </testcase>
    
      
      <testcase classname="fastlane.lanes" name="2: chmod +x /Users/anntphyothwin/AndroidStudioProjects/NFQSnapshotTest/fastlane/process_failed_snapshot_tests.sh" time="0.00816">
        
      </testcase>
    
  </testsuite>
</testsuites>
